2024-03-19 20:12:58,580 INFO o.a.j.u.JMeterUtils: Setting Locale to en_EN
2024-03-19 20:12:58,611 INFO o.a.j.JMeter: Loading user properties from: user.properties
2024-03-19 20:12:58,611 INFO o.a.j.JMeter: Loading system properties from: system.properties
2024-03-19 20:12:58,627 INFO o.a.j.JMeter: Copyright (c) 1998-2024 The Apache Software Foundation
2024-03-19 20:12:58,627 INFO o.a.j.JMeter: Version 5.6.3
2024-03-19 20:12:58,627 INFO o.a.j.JMeter: java.version=17.0.10
2024-03-19 20:12:58,627 INFO o.a.j.JMeter: java.vm.name=Java HotSpot(TM) 64-Bit Server VM
2024-03-19 20:12:58,627 INFO o.a.j.JMeter: os.name=Windows 10
2024-03-19 20:12:58,627 INFO o.a.j.JMeter: os.arch=amd64
2024-03-19 20:12:58,627 INFO o.a.j.JMeter: os.version=10.0
2024-03-19 20:12:58,627 INFO o.a.j.JMeter: file.encoding=Cp1252
2024-03-19 20:12:58,627 INFO o.a.j.JMeter: java.awt.headless=true
2024-03-19 20:12:58,627 INFO o.a.j.JMeter: Max memory     =1073741824
2024-03-19 20:12:58,627 INFO o.a.j.JMeter: Available Processors =8
2024-03-19 20:12:58,643 INFO o.a.j.JMeter: Default Locale=English (EN)
2024-03-19 20:12:58,643 INFO o.a.j.JMeter: JMeter  Locale=English (EN)
2024-03-19 20:12:58,643 INFO o.a.j.JMeter: JMeterHome=C:\Users\user\Desktop\Anish_Mechlin_QA\apache-jmeter-5.6.3\apache-jmeter-5.6.3
2024-03-19 20:12:58,643 INFO o.a.j.JMeter: user.dir  =C:\Users\user\Desktop\Anish_Mechlin_QA\apache-jmeter-5.6.3\apache-jmeter-5.6.3\bin
2024-03-19 20:12:58,643 INFO o.a.j.JMeter: PWD       =C:\Users\user\Desktop\Anish_Mechlin_QA\apache-jmeter-5.6.3\apache-jmeter-5.6.3\bin
2024-03-19 20:12:58,812 INFO o.a.j.JMeter: IP: 192.168.1.26 Name: DESKTOP-LDCAIQP FullName: 192.168.1.26
2024-03-19 20:12:58,843 INFO o.a.j.r.RmiUtils: System property 'java.rmi.server.hostname' is not defined, using localHost address
2024-03-19 20:12:58,843 INFO o.a.j.r.RmiUtils: Local IP address=192.168.1.26
2024-03-19 20:12:59,113 INFO o.a.j.r.SSLRMIServerSocketFactory: Created SSLSocket: [SSL: ServerSocket[addr=DESKTOP-LDCAIQP/192.168.1.26,localport=55387]]
2024-03-19 20:12:59,148 INFO o.a.j.e.RemoteJMeterEngineImpl: Starting backing engine on 1099
2024-03-19 20:12:59,148 INFO o.a.j.r.RmiUtils: System property 'java.rmi.server.hostname' is not defined, using localHost address
2024-03-19 20:12:59,148 INFO o.a.j.r.RmiUtils: Local IP address=192.168.1.26
2024-03-19 20:12:59,148 INFO o.a.j.e.RemoteJMeterEngineImpl: IP address is a site-local address; this may cause problems with remote access.
	Can be overridden by defining the system property 'java.rmi.server.hostname' - see jmeter-server script file
2024-03-19 20:12:59,148 INFO o.a.j.e.RemoteJMeterEngineImpl: Creating RMI registry (server.rmi.create=true)
2024-03-19 20:12:59,148 INFO o.a.j.r.RmiUtils: System property 'java.rmi.server.hostname' is not defined, using localHost address
2024-03-19 20:12:59,148 INFO o.a.j.r.RmiUtils: Local IP address=192.168.1.26
2024-03-19 20:12:59,221 INFO o.a.j.r.SSLRMIServerSocketFactory: Created SSLSocket: [SSL: ServerSocket[addr=DESKTOP-LDCAIQP/192.168.1.26,localport=1099]]
2024-03-19 20:12:59,224 INFO o.a.j.e.RemoteJMeterEngineImpl: Bound to RMI registry on port 1099
2024-03-19 20:13:16,794 INFO o.a.j.p.h.s.HTTPSamplerBase: Parser for text/html is org.apache.jmeter.protocol.http.parser.LagartoBasedHtmlParser
2024-03-19 20:13:16,795 INFO o.a.j.p.h.s.HTTPSamplerBase: Parser for application/xhtml+xml is org.apache.jmeter.protocol.http.parser.LagartoBasedHtmlParser
2024-03-19 20:13:16,795 INFO o.a.j.p.h.s.HTTPSamplerBase: Parser for application/xml is org.apache.jmeter.protocol.http.parser.LagartoBasedHtmlParser
2024-03-19 20:13:16,795 INFO o.a.j.p.h.s.HTTPSamplerBase: Parser for text/xml is org.apache.jmeter.protocol.http.parser.LagartoBasedHtmlParser
2024-03-19 20:13:16,795 INFO o.a.j.p.h.s.HTTPSamplerBase: Parser for text/vnd.wap.wml is org.apache.jmeter.protocol.http.parser.RegexpHTMLParser
2024-03-19 20:13:16,795 INFO o.a.j.p.h.s.HTTPSamplerBase: Parser for text/css is org.apache.jmeter.protocol.http.parser.CssParser
2024-03-19 20:13:16,804 INFO o.a.j.s.SampleEvent: List of sample_variables: []
2024-03-19 20:13:16,809 INFO o.a.j.s.BatchSampleSender: Using batching for this run. Thresholds: num=100, time=60000
2024-03-19 20:13:16,809 INFO o.a.j.s.DataStrippingSampleSender: Using DataStrippingSampleSender for this run with stripAlsoOnError: true
2024-03-19 20:13:16,986 INFO o.a.j.e.RemoteJMeterEngineImpl: Creating JMeter engine on host 192.168.1.26 base '.'
2024-03-19 20:13:16,986 INFO o.a.j.e.RemoteJMeterEngineImpl: Remote client host: 192.168.1.26
2024-03-19 20:13:16,990 INFO o.a.j.s.FileServer: Default base='C:\Users\user\Desktop\Anish_Mechlin_QA\apache-jmeter-5.6.3\apache-jmeter-5.6.3\bin'
2024-03-19 20:13:16,992 INFO o.a.j.s.FileServer: Set new base='.'
2024-03-19 20:13:16,995 INFO o.a.j.e.StandardJMeterEngine: Applying properties {}
2024-03-19 20:13:16,996 INFO o.a.j.e.RemoteJMeterEngineImpl: Running test
2024-03-19 20:13:17,012 INFO o.a.j.e.StandardJMeterEngine: Running the test!
2024-03-19 20:13:17,012 INFO o.a.j.s.SampleEvent: List of sample_variables: []
2024-03-19 20:13:17,021 INFO o.a.j.e.u.CompoundVariable: Note: Function class names must contain the string: '.functions.'
2024-03-19 20:13:17,021 INFO o.a.j.e.u.CompoundVariable: Note: Function class names must not contain the string: '.gui.'
2024-03-19 20:13:17,125 INFO o.a.j.r.ClassFinder: Will scan jar C:\Users\user\Desktop\Anish_Mechlin_QA\apache-jmeter-5.6.3\apache-jmeter-5.6.3\lib\ext\jmeter-plugins-perfmon-2.1.jar with filter ExtendsClassFilter [parents=[interface org.apache.jmeter.functions.Function], inner=false, contains=null, notContains=null]. Consider exposing JMeter plugins via META-INF/services, and add JMeter-Skip-Class-Scanning=true manifest attribute so JMeter can skip classfile scanning
2024-03-19 20:13:17,137 INFO o.a.j.r.ClassFinder: Will scan jar C:\Users\user\Desktop\Anish_Mechlin_QA\apache-jmeter-5.6.3\apache-jmeter-5.6.3\lib\ext\jmeter-plugins-manager-0.20.jar with filter ExtendsClassFilter [parents=[interface org.apache.jmeter.functions.Function], inner=false, contains=null, notContains=null]. Consider exposing JMeter plugins via META-INF/services, and add JMeter-Skip-Class-Scanning=true manifest attribute so JMeter can skip classfile scanning
2024-03-19 20:13:17,266 INFO o.a.j.e.StandardJMeterEngine: Starting ThreadGroup: 1 : Thread Group
2024-03-19 20:13:17,266 INFO o.a.j.e.StandardJMeterEngine: Starting 1 threads for group Thread Group.
2024-03-19 20:13:17,266 INFO o.a.j.e.StandardJMeterEngine: Thread will continue on error
2024-03-19 20:13:17,266 INFO o.a.j.t.ThreadGroup: Starting thread group... number=1 threads=1 ramp-up=1 delayedStart=false
2024-03-19 20:13:17,271 INFO o.a.j.t.ThreadGroup: Started thread group number 1
2024-03-19 20:13:17,271 INFO o.a.j.e.StandardJMeterEngine: All thread groups have been started
2024-03-19 20:13:17,274 INFO o.a.j.t.JMeterThread: Thread started: 192.168.1.26-Thread Group 1-1
2024-03-19 20:13:17,294 INFO o.a.j.p.h.s.HTTPHCAbstractImpl: Local host = DESKTOP-LDCAIQP
2024-03-19 20:13:17,302 INFO o.a.j.p.h.s.HTTPHC4Impl: HTTP request retry count = 0
2024-03-19 20:13:17,304 INFO o.a.j.s.SampleResult: Note: Sample TimeStamps are START times
2024-03-19 20:13:17,304 INFO o.a.j.s.SampleResult: sampleresult.default.encoding is set to UTF-8
2024-03-19 20:13:17,304 INFO o.a.j.s.SampleResult: sampleresult.useNanoTime=true
2024-03-19 20:13:17,304 INFO o.a.j.s.SampleResult: sampleresult.nanoThreadSleep=5000
2024-03-19 20:13:17,589 INFO o.a.j.p.h.s.h.LazyLayeredConnectionSocketFactory: Setting up HTTPS TrustAll Socket Factory
2024-03-19 20:13:17,599 INFO o.a.j.u.JsseSSLManager: Using default SSL protocol: TLS
2024-03-19 20:13:17,599 INFO o.a.j.u.JsseSSLManager: SSL session context: per-thread
2024-03-19 20:13:17,991 INFO o.a.j.u.SSLManager: JmeterKeyStore Location:  type JKS
2024-03-19 20:13:17,992 INFO o.a.j.u.SSLManager: KeyStore created OK
2024-03-19 20:13:17,993 WARN o.a.j.u.SSLManager: Keystore file not found, loading empty keystore
2024-03-19 20:13:20,732 INFO o.a.j.t.JMeterThread: Thread is done: 192.168.1.26-Thread Group 1-1
2024-03-19 20:13:20,733 INFO o.a.j.t.JMeterThread: Thread finished: 192.168.1.26-Thread Group 1-1
2024-03-19 20:13:20,737 INFO o.a.j.e.StandardJMeterEngine: Notifying test listeners of end of test
2024-03-19 20:13:20,737 INFO o.a.j.s.DataStrippingSampleSender: Test Ended on 192.168.1.26
2024-03-19 20:13:20,737 INFO o.a.j.s.BatchSampleSender: Test Ended on 192.168.1.26
2024-03-19 20:13:20,741 INFO o.a.j.e.StandardJMeterEngine: Test has ended on host 192.168.1.26 
2024-03-19 20:13:55,719 INFO o.a.j.e.RemoteJMeterEngineImpl: Stopping test ...
2024-03-19 20:13:55,719 INFO o.a.j.e.RemoteJMeterEngineImpl: ... stopped
